11-May-2023 01:19:33.096 INFO [main] org.apache.catalina.startup.VersionLoggerListener.log Server version name:   Apache Tomcat/10.0.20
11-May-2023 01:19:33.101 INFO [main] org.apache.catalina.startup.VersionLoggerListener.log Server built:          Mar 31 2022 14:24:36 UTC
11-May-2023 01:19:33.101 INFO [main] org.apache.catalina.startup.VersionLoggerListener.log Server version number: 10.0.20.0
11-May-2023 01:19:33.101 INFO [main] org.apache.catalina.startup.VersionLoggerListener.log OS Name:               Windows 11
11-May-2023 01:19:33.101 INFO [main] org.apache.catalina.startup.VersionLoggerListener.log OS Version:            10.0
11-May-2023 01:19:33.101 INFO [main] org.apache.catalina.startup.VersionLoggerListener.log Architecture:          amd64
11-May-2023 01:19:33.101 INFO [main] org.apache.catalina.startup.VersionLoggerListener.log Java Home:             C:\Program Files\Java\jdk-17.0.3.1
11-May-2023 01:19:33.101 INFO [main] org.apache.catalina.startup.VersionLoggerListener.log JVM Version:           17.0.3.1+2-LTS-6
11-May-2023 01:19:33.101 INFO [main] org.apache.catalina.startup.VersionLoggerListener.log JVM Vendor:            Oracle Corporation
11-May-2023 01:19:33.103 INFO [main] org.apache.catalina.startup.VersionLoggerListener.log CATALINA_BASE:         D:\JAVA5\apache-tomcat-10.0.20
11-May-2023 01:19:33.103 INFO [main] org.apache.catalina.startup.VersionLoggerListener.log CATALINA_HOME:         D:\JAVA5\apache-tomcat-10.0.20
11-May-2023 01:19:33.111 INFO [main] org.apache.catalina.startup.VersionLoggerListener.log Command line argument: --add-opens=java.base/java.lang=ALL-UNNAMED
11-May-2023 01:19:33.114 INFO [main] org.apache.catalina.startup.VersionLoggerListener.log Command line argument: --add-opens=java.base/java.io=ALL-UNNAMED
11-May-2023 01:19:33.114 INFO [main] org.apache.catalina.startup.VersionLoggerListener.log Command line argument: --add-opens=java.base/java.util=ALL-UNNAMED
11-May-2023 01:19:33.114 INFO [main] org.apache.catalina.startup.VersionLoggerListener.log Command line argument: --add-opens=java.base/java.util.concurrent=ALL-UNNAMED
11-May-2023 01:19:33.114 INFO [main] org.apache.catalina.startup.VersionLoggerListener.log Command line argument: --add-opens=java.rmi/sun.rmi.transport=ALL-UNNAMED
11-May-2023 01:19:33.114 INFO [main] org.apache.catalina.startup.VersionLoggerListener.log Command line argument: -Djava.util.logging.config.file=D:\JAVA5\apache-tomcat-10.0.20\conf\logging.properties
11-May-2023 01:19:33.115 INFO [main] org.apache.catalina.startup.VersionLoggerListener.log Command line argument: -Djava.util.logging.manager=org.apache.juli.ClassLoaderLogManager
11-May-2023 01:19:33.115 INFO [main] org.apache.catalina.startup.VersionLoggerListener.log Command line argument: -Djdk.tls.ephemeralDHKeySize=2048
11-May-2023 01:19:33.115 INFO [main] org.apache.catalina.startup.VersionLoggerListener.log Command line argument: -Djava.protocol.handler.pkgs=org.apache.catalina.webresources
11-May-2023 01:19:33.115 INFO [main] org.apache.catalina.startup.VersionLoggerListener.log Command line argument: -Dignore.endorsed.dirs=
11-May-2023 01:19:33.115 INFO [main] org.apache.catalina.startup.VersionLoggerListener.log Command line argument: -Dcatalina.base=D:\JAVA5\apache-tomcat-10.0.20
11-May-2023 01:19:33.115 INFO [main] org.apache.catalina.startup.VersionLoggerListener.log Command line argument: -Dcatalina.home=D:\JAVA5\apache-tomcat-10.0.20
11-May-2023 01:19:33.115 INFO [main] org.apache.catalina.startup.VersionLoggerListener.log Command line argument: -Djava.io.tmpdir=D:\JAVA5\apache-tomcat-10.0.20\temp
11-May-2023 01:19:33.156 INFO [main] org.apache.catalina.core.AprLifecycleListener.lifecycleEvent Loaded Apache Tomcat Native library [1.2.32] using APR version [1.7.0].
11-May-2023 01:19:33.156 INFO [main] org.apache.catalina.core.AprLifecycleListener.lifecycleEvent APR capabilities: IPv6 [true], sendfile [true], accept filters [false], random [true], UDS [true].
11-May-2023 01:19:33.168 INFO [main] org.apache.catalina.core.AprLifecycleListener.initializeSSL OpenSSL successfully initialized [OpenSSL 1.1.1n  15 Mar 2022]
11-May-2023 01:19:33.417 INFO [main] org.apache.coyote.AbstractProtocol.init Initializing ProtocolHandler ["http-nio-8080"]
11-May-2023 01:19:33.446 INFO [main] org.apache.catalina.startup.Catalina.load Server initialization in [540] milliseconds
11-May-2023 01:19:33.492 INFO [main] org.apache.catalina.core.StandardService.startInternal Starting service [Catalina]
11-May-2023 01:19:33.494 INFO [main] org.apache.catalina.core.StandardEngine.startInternal Starting Servlet engine: [Apache Tomcat/10.0.20]
11-May-2023 01:19:33.516 INFO [main] org.apache.catalina.startup.HostConfig.deployWAR Deploying web application archive [D:\JAVA5\apache-tomcat-10.0.20\webapps\slide4-1.0.war]
11-May-2023 01:19:36.278 WARNING [main] org.apache.tomcat.util.descriptor.web.WebXml.setVersion Unknown version string [6.0]. Default version will be used.
11-May-2023 01:19:36.281 WARNING [main] org.apache.tomcat.util.descriptor.web.WebXml.setVersion Unknown version string [6.0]. Default version will be used.
11-May-2023 01:19:37.847 INFO [main] org.apache.jasper.servlet.TldScanner.scanJars At least one JAR was scanned for TLDs yet contained no TLDs. Enable debug logging for this logger for a complete list of JARs that were scanned but no TLDs were found in them. Skipping unneeded JARs during scanning can improve startup time and JSP compilation time.
11-May-2023 01:19:40.137 INFO [main] org.apache.catalina.startup.HostConfig.deployWAR Deployment of web application archive [D:\JAVA5\apache-tomcat-10.0.20\webapps\slide4-1.0.war] has finished in [6,618] ms
11-May-2023 01:19:40.137 INFO [main] org.apache.catalina.startup.HostConfig.deployDirectory Deploying web application directory [D:\JAVA5\apache-tomcat-10.0.20\webapps\docs]
11-May-2023 01:19:40.161 INFO [main] org.apache.catalina.startup.HostConfig.deployDirectory Deployment of web application directory [D:\JAVA5\apache-tomcat-10.0.20\webapps\docs] has finished in [24] ms
11-May-2023 01:19:40.161 INFO [main] org.apache.catalina.startup.HostConfig.deployDirectory Deploying web application directory [D:\JAVA5\apache-tomcat-10.0.20\webapps\examples]
11-May-2023 01:19:40.944 INFO [main] org.apache.catalina.startup.HostConfig.deployDirectory Deployment of web application directory [D:\JAVA5\apache-tomcat-10.0.20\webapps\examples] has finished in [782] ms
11-May-2023 01:19:40.944 INFO [main] org.apache.catalina.startup.HostConfig.deployDirectory Deploying web application directory [D:\JAVA5\apache-tomcat-10.0.20\webapps\host-manager]
11-May-2023 01:19:40.997 INFO [main] org.apache.catalina.startup.HostConfig.deployDirectory Deployment of web application directory [D:\JAVA5\apache-tomcat-10.0.20\webapps\host-manager] has finished in [53] ms
11-May-2023 01:19:40.997 INFO [main] org.apache.catalina.startup.HostConfig.deployDirectory Deploying web application directory [D:\JAVA5\apache-tomcat-10.0.20\webapps\manager]
11-May-2023 01:19:41.036 INFO [main] org.apache.catalina.startup.HostConfig.deployDirectory Deployment of web application directory [D:\JAVA5\apache-tomcat-10.0.20\webapps\manager] has finished in [39] ms
11-May-2023 01:19:41.036 INFO [main] org.apache.catalina.startup.HostConfig.deployDirectory Deploying web application directory [D:\JAVA5\apache-tomcat-10.0.20\webapps\ROOT]
11-May-2023 01:19:41.061 INFO [main] org.apache.catalina.startup.HostConfig.deployDirectory Deployment of web application directory [D:\JAVA5\apache-tomcat-10.0.20\webapps\ROOT] has finished in [25] ms
11-May-2023 01:19:41.065 INFO [main] org.apache.coyote.AbstractProtocol.start Starting ProtocolHandler ["http-nio-8080"]
11-May-2023 01:19:41.124 INFO [main] org.apache.catalina.startup.Catalina.start Server startup in [7674] milliseconds
